[2026-03-03T00:12:17.659+0000] {processor.py:186} INFO - Started process (PID=18184) to work on /opt/airflow/dags/d226hw5-weatherETL.py
[2026-03-03T00:12:17.659+0000] {processor.py:914} INFO - Processing file /opt/airflow/dags/d226hw5-weatherETL.py for tasks to queue
[2026-03-03T00:12:17.662+0000] {logging_mixin.py:190} INFO - [2026-03-03T00:12:17.661+0000] {dagbag.py:587} INFO - Filling up the DagBag from /opt/airflow/dags/d226hw5-weatherETL.py
[2026-03-03T00:12:17.686+0000] {processor.py:925} INFO - DAG(s) 'd226hw5-weatherETL' retrieved from /opt/airflow/dags/d226hw5-weatherETL.py
[2026-03-03T00:12:17.697+0000] {logging_mixin.py:190} INFO - [2026-03-03T00:12:17.696+0000] {dag.py:3229} INFO - Sync 1 DAGs
[2026-03-03T00:12:17.708+0000] {logging_mixin.py:190} INFO - [2026-03-03T00:12:17.708+0000] {dag.py:4156} INFO - Setting next_dagrun for d226hw5-weatherETL to 2026-03-02 02:30:00+00:00, run_after=2026-03-03 02:30:00+00:00
[2026-03-03T00:12:17.713+0000] {processor.py:208} INFO - Processing /opt/airflow/dags/d226hw5-weatherETL.py took 0.060 seconds
[2026-03-03T00:12:47.975+0000] {processor.py:186} INFO - Started process (PID=18195) to work on /opt/airflow/dags/d226hw5-weatherETL.py
[2026-03-03T00:12:47.976+0000] {processor.py:914} INFO - Processing file /opt/airflow/dags/d226hw5-weatherETL.py for tasks to queue
[2026-03-03T00:12:47.978+0000] {logging_mixin.py:190} INFO - [2026-03-03T00:12:47.978+0000] {dagbag.py:587} INFO - Filling up the DagBag from /opt/airflow/dags/d226hw5-weatherETL.py
[2026-03-03T00:12:47.999+0000] {processor.py:925} INFO - DAG(s) 'd226hw5-weatherETL' retrieved from /opt/airflow/dags/d226hw5-weatherETL.py
[2026-03-03T00:12:48.008+0000] {logging_mixin.py:190} INFO - [2026-03-03T00:12:48.008+0000] {dag.py:3229} INFO - Sync 1 DAGs
[2026-03-03T00:12:48.018+0000] {logging_mixin.py:190} INFO - [2026-03-03T00:12:48.018+0000] {dag.py:4156} INFO - Setting next_dagrun for d226hw5-weatherETL to 2026-03-02 02:30:00+00:00, run_after=2026-03-03 02:30:00+00:00
[2026-03-03T00:12:48.024+0000] {processor.py:208} INFO - Processing /opt/airflow/dags/d226hw5-weatherETL.py took 0.055 seconds
[2026-03-03T00:13:18.358+0000] {processor.py:186} INFO - Started process (PID=18206) to work on /opt/airflow/dags/d226hw5-weatherETL.py
[2026-03-03T00:13:18.359+0000] {processor.py:914} INFO - Processing file /opt/airflow/dags/d226hw5-weatherETL.py for tasks to queue
[2026-03-03T00:13:18.361+0000] {logging_mixin.py:190} INFO - [2026-03-03T00:13:18.361+0000] {dagbag.py:587} INFO - Filling up the DagBag from /opt/airflow/dags/d226hw5-weatherETL.py
[2026-03-03T00:13:18.379+0000] {processor.py:925} INFO - DAG(s) 'd226hw5-weatherETL' retrieved from /opt/airflow/dags/d226hw5-weatherETL.py
[2026-03-03T00:13:18.395+0000] {logging_mixin.py:190} INFO - [2026-03-03T00:13:18.395+0000] {dag.py:3229} INFO - Sync 1 DAGs
[2026-03-03T00:13:18.406+0000] {logging_mixin.py:190} INFO - [2026-03-03T00:13:18.406+0000] {dag.py:4156} INFO - Setting next_dagrun for d226hw5-weatherETL to 2026-03-02 02:30:00+00:00, run_after=2026-03-03 02:30:00+00:00
[2026-03-03T00:13:18.412+0000] {processor.py:208} INFO - Processing /opt/airflow/dags/d226hw5-weatherETL.py took 0.059 seconds
[2026-03-03T00:13:48.683+0000] {processor.py:186} INFO - Started process (PID=18217) to work on /opt/airflow/dags/d226hw5-weatherETL.py
[2026-03-03T00:13:48.683+0000] {processor.py:914} INFO - Processing file /opt/airflow/dags/d226hw5-weatherETL.py for tasks to queue
[2026-03-03T00:13:48.686+0000] {logging_mixin.py:190} INFO - [2026-03-03T00:13:48.685+0000] {dagbag.py:587} INFO - Filling up the DagBag from /opt/airflow/dags/d226hw5-weatherETL.py
[2026-03-03T00:13:48.705+0000] {processor.py:925} INFO - DAG(s) 'd226hw5-weatherETL' retrieved from /opt/airflow/dags/d226hw5-weatherETL.py
[2026-03-03T00:13:48.715+0000] {logging_mixin.py:190} INFO - [2026-03-03T00:13:48.715+0000] {dag.py:3229} INFO - Sync 1 DAGs
[2026-03-03T00:13:48.724+0000] {logging_mixin.py:190} INFO - [2026-03-03T00:13:48.724+0000] {dag.py:4156} INFO - Setting next_dagrun for d226hw5-weatherETL to 2026-03-02 02:30:00+00:00, run_after=2026-03-03 02:30:00+00:00
[2026-03-03T00:13:48.730+0000] {processor.py:208} INFO - Processing /opt/airflow/dags/d226hw5-weatherETL.py took 0.052 seconds
[2026-03-03T00:14:19.059+0000] {processor.py:186} INFO - Started process (PID=18228) to work on /opt/airflow/dags/d226hw5-weatherETL.py
[2026-03-03T00:14:19.060+0000] {processor.py:914} INFO - Processing file /opt/airflow/dags/d226hw5-weatherETL.py for tasks to queue
[2026-03-03T00:14:19.065+0000] {logging_mixin.py:190} INFO - [2026-03-03T00:14:19.065+0000] {dagbag.py:587} INFO - Filling up the DagBag from /opt/airflow/dags/d226hw5-weatherETL.py
[2026-03-03T00:14:19.090+0000] {processor.py:925} INFO - DAG(s) 'd226hw5-weatherETL' retrieved from /opt/airflow/dags/d226hw5-weatherETL.py
[2026-03-03T00:14:19.101+0000] {logging_mixin.py:190} INFO - [2026-03-03T00:14:19.101+0000] {dag.py:3229} INFO - Sync 1 DAGs
[2026-03-03T00:14:19.117+0000] {logging_mixin.py:190} INFO - [2026-03-03T00:14:19.117+0000] {dag.py:4156} INFO - Setting next_dagrun for d226hw5-weatherETL to 2026-03-02 02:30:00+00:00, run_after=2026-03-03 02:30:00+00:00
[2026-03-03T00:14:19.126+0000] {processor.py:208} INFO - Processing /opt/airflow/dags/d226hw5-weatherETL.py took 0.080 seconds
[2026-03-03T00:14:49.397+0000] {processor.py:186} INFO - Started process (PID=18239) to work on /opt/airflow/dags/d226hw5-weatherETL.py
[2026-03-03T00:14:49.398+0000] {processor.py:914} INFO - Processing file /opt/airflow/dags/d226hw5-weatherETL.py for tasks to queue
[2026-03-03T00:14:49.400+0000] {logging_mixin.py:190} INFO - [2026-03-03T00:14:49.400+0000] {dagbag.py:587} INFO - Filling up the DagBag from /opt/airflow/dags/d226hw5-weatherETL.py
[2026-03-03T00:14:49.426+0000] {processor.py:925} INFO - DAG(s) 'd226hw5-weatherETL' retrieved from /opt/airflow/dags/d226hw5-weatherETL.py
[2026-03-03T00:14:49.436+0000] {logging_mixin.py:190} INFO - [2026-03-03T00:14:49.436+0000] {dag.py:3229} INFO - Sync 1 DAGs
[2026-03-03T00:14:49.445+0000] {logging_mixin.py:190} INFO - [2026-03-03T00:14:49.445+0000] {dag.py:4156} INFO - Setting next_dagrun for d226hw5-weatherETL to 2026-03-02 02:30:00+00:00, run_after=2026-03-03 02:30:00+00:00
[2026-03-03T00:14:49.452+0000] {processor.py:208} INFO - Processing /opt/airflow/dags/d226hw5-weatherETL.py took 0.063 seconds
[2026-03-03T00:15:19.696+0000] {processor.py:186} INFO - Started process (PID=18250) to work on /opt/airflow/dags/d226hw5-weatherETL.py
[2026-03-03T00:15:19.698+0000] {processor.py:914} INFO - Processing file /opt/airflow/dags/d226hw5-weatherETL.py for tasks to queue
[2026-03-03T00:15:19.704+0000] {logging_mixin.py:190} INFO - [2026-03-03T00:15:19.703+0000] {dagbag.py:587} INFO - Filling up the DagBag from /opt/airflow/dags/d226hw5-weatherETL.py
[2026-03-03T00:15:19.731+0000] {processor.py:925} INFO - DAG(s) 'd226hw5-weatherETL' retrieved from /opt/airflow/dags/d226hw5-weatherETL.py
[2026-03-03T00:15:19.741+0000] {logging_mixin.py:190} INFO - [2026-03-03T00:15:19.741+0000] {dag.py:3229} INFO - Sync 1 DAGs
[2026-03-03T00:15:19.754+0000] {logging_mixin.py:190} INFO - [2026-03-03T00:15:19.754+0000] {dag.py:4156} INFO - Setting next_dagrun for d226hw5-weatherETL to 2026-03-02 02:30:00+00:00, run_after=2026-03-03 02:30:00+00:00
[2026-03-03T00:15:19.760+0000] {processor.py:208} INFO - Processing /opt/airflow/dags/d226hw5-weatherETL.py took 0.077 seconds
[2026-03-03T00:15:50.052+0000] {processor.py:186} INFO - Started process (PID=18261) to work on /opt/airflow/dags/d226hw5-weatherETL.py
[2026-03-03T00:15:50.053+0000] {processor.py:914} INFO - Processing file /opt/airflow/dags/d226hw5-weatherETL.py for tasks to queue
[2026-03-03T00:15:50.055+0000] {logging_mixin.py:190} INFO - [2026-03-03T00:15:50.055+0000] {dagbag.py:587} INFO - Filling up the DagBag from /opt/airflow/dags/d226hw5-weatherETL.py
[2026-03-03T00:15:50.071+0000] {processor.py:925} INFO - DAG(s) 'd226hw5-weatherETL' retrieved from /opt/airflow/dags/d226hw5-weatherETL.py
[2026-03-03T00:15:50.081+0000] {logging_mixin.py:190} INFO - [2026-03-03T00:15:50.081+0000] {dag.py:3229} INFO - Sync 1 DAGs
[2026-03-03T00:15:50.090+0000] {logging_mixin.py:190} INFO - [2026-03-03T00:15:50.090+0000] {dag.py:4156} INFO - Setting next_dagrun for d226hw5-weatherETL to 2026-03-02 02:30:00+00:00, run_after=2026-03-03 02:30:00+00:00
[2026-03-03T00:15:50.096+0000] {processor.py:208} INFO - Processing /opt/airflow/dags/d226hw5-weatherETL.py took 0.050 seconds
[2026-03-03T00:16:20.412+0000] {processor.py:186} INFO - Started process (PID=18272) to work on /opt/airflow/dags/d226hw5-weatherETL.py
[2026-03-03T00:16:20.413+0000] {processor.py:914} INFO - Processing file /opt/airflow/dags/d226hw5-weatherETL.py for tasks to queue
[2026-03-03T00:16:20.416+0000] {logging_mixin.py:190} INFO - [2026-03-03T00:16:20.416+0000] {dagbag.py:587} INFO - Filling up the DagBag from /opt/airflow/dags/d226hw5-weatherETL.py
[2026-03-03T00:16:20.439+0000] {processor.py:925} INFO - DAG(s) 'd226hw5-weatherETL' retrieved from /opt/airflow/dags/d226hw5-weatherETL.py
[2026-03-03T00:16:20.449+0000] {logging_mixin.py:190} INFO - [2026-03-03T00:16:20.448+0000] {dag.py:3229} INFO - Sync 1 DAGs
[2026-03-03T00:16:20.460+0000] {logging_mixin.py:190} INFO - [2026-03-03T00:16:20.459+0000] {dag.py:4156} INFO - Setting next_dagrun for d226hw5-weatherETL to 2026-03-02 02:30:00+00:00, run_after=2026-03-03 02:30:00+00:00
[2026-03-03T00:16:20.466+0000] {processor.py:208} INFO - Processing /opt/airflow/dags/d226hw5-weatherETL.py took 0.059 seconds
[2026-03-03T00:16:50.741+0000] {processor.py:186} INFO - Started process (PID=18283) to work on /opt/airflow/dags/d226hw5-weatherETL.py
[2026-03-03T00:16:50.742+0000] {processor.py:914} INFO - Processing file /opt/airflow/dags/d226hw5-weatherETL.py for tasks to queue
[2026-03-03T00:16:50.745+0000] {logging_mixin.py:190} INFO - [2026-03-03T00:16:50.744+0000] {dagbag.py:587} INFO - Filling up the DagBag from /opt/airflow/dags/d226hw5-weatherETL.py
[2026-03-03T00:16:50.764+0000] {processor.py:925} INFO - DAG(s) 'd226hw5-weatherETL' retrieved from /opt/airflow/dags/d226hw5-weatherETL.py
[2026-03-03T00:16:50.774+0000] {logging_mixin.py:190} INFO - [2026-03-03T00:16:50.774+0000] {dag.py:3229} INFO - Sync 1 DAGs
[2026-03-03T00:16:50.791+0000] {logging_mixin.py:190} INFO - [2026-03-03T00:16:50.791+0000] {dag.py:4156} INFO - Setting next_dagrun for d226hw5-weatherETL to 2026-03-02 02:30:00+00:00, run_after=2026-03-03 02:30:00+00:00
[2026-03-03T00:16:50.799+0000] {processor.py:208} INFO - Processing /opt/airflow/dags/d226hw5-weatherETL.py took 0.064 seconds
[2026-03-03T00:17:21.134+0000] {processor.py:186} INFO - Started process (PID=18294) to work on /opt/airflow/dags/d226hw5-weatherETL.py
[2026-03-03T00:17:21.135+0000] {processor.py:914} INFO - Processing file /opt/airflow/dags/d226hw5-weatherETL.py for tasks to queue
[2026-03-03T00:17:21.140+0000] {logging_mixin.py:190} INFO - [2026-03-03T00:17:21.139+0000] {dagbag.py:587} INFO - Filling up the DagBag from /opt/airflow/dags/d226hw5-weatherETL.py
[2026-03-03T00:17:21.164+0000] {processor.py:925} INFO - DAG(s) 'd226hw5-weatherETL' retrieved from /opt/airflow/dags/d226hw5-weatherETL.py
[2026-03-03T00:17:21.175+0000] {logging_mixin.py:190} INFO - [2026-03-03T00:17:21.175+0000] {dag.py:3229} INFO - Sync 1 DAGs
[2026-03-03T00:17:21.187+0000] {logging_mixin.py:190} INFO - [2026-03-03T00:17:21.187+0000] {dag.py:4156} INFO - Setting next_dagrun for d226hw5-weatherETL to 2026-03-02 02:30:00+00:00, run_after=2026-03-03 02:30:00+00:00
[2026-03-03T00:17:21.197+0000] {processor.py:208} INFO - Processing /opt/airflow/dags/d226hw5-weatherETL.py took 0.072 seconds
[2026-03-03T00:17:51.435+0000] {processor.py:186} INFO - Started process (PID=18305) to work on /opt/airflow/dags/d226hw5-weatherETL.py
[2026-03-03T00:17:51.436+0000] {processor.py:914} INFO - Processing file /opt/airflow/dags/d226hw5-weatherETL.py for tasks to queue
[2026-03-03T00:17:51.439+0000] {logging_mixin.py:190} INFO - [2026-03-03T00:17:51.438+0000] {dagbag.py:587} INFO - Filling up the DagBag from /opt/airflow/dags/d226hw5-weatherETL.py
[2026-03-03T00:17:51.459+0000] {processor.py:925} INFO - DAG(s) 'd226hw5-weatherETL' retrieved from /opt/airflow/dags/d226hw5-weatherETL.py
[2026-03-03T00:17:51.469+0000] {logging_mixin.py:190} INFO - [2026-03-03T00:17:51.469+0000] {dag.py:3229} INFO - Sync 1 DAGs
[2026-03-03T00:17:51.479+0000] {logging_mixin.py:190} INFO - [2026-03-03T00:17:51.479+0000] {dag.py:4156} INFO - Setting next_dagrun for d226hw5-weatherETL to 2026-03-02 02:30:00+00:00, run_after=2026-03-03 02:30:00+00:00
[2026-03-03T00:17:51.485+0000] {processor.py:208} INFO - Processing /opt/airflow/dags/d226hw5-weatherETL.py took 0.059 seconds
[2026-03-03T00:18:21.822+0000] {processor.py:186} INFO - Started process (PID=18316) to work on /opt/airflow/dags/d226hw5-weatherETL.py
[2026-03-03T00:18:21.823+0000] {processor.py:914} INFO - Processing file /opt/airflow/dags/d226hw5-weatherETL.py for tasks to queue
[2026-03-03T00:18:21.826+0000] {logging_mixin.py:190} INFO - [2026-03-03T00:18:21.825+0000] {dagbag.py:587} INFO - Filling up the DagBag from /opt/airflow/dags/d226hw5-weatherETL.py
[2026-03-03T00:18:21.843+0000] {processor.py:925} INFO - DAG(s) 'd226hw5-weatherETL' retrieved from /opt/airflow/dags/d226hw5-weatherETL.py
[2026-03-03T00:18:21.853+0000] {logging_mixin.py:190} INFO - [2026-03-03T00:18:21.852+0000] {dag.py:3229} INFO - Sync 1 DAGs
[2026-03-03T00:18:21.863+0000] {logging_mixin.py:190} INFO - [2026-03-03T00:18:21.863+0000] {dag.py:4156} INFO - Setting next_dagrun for d226hw5-weatherETL to 2026-03-02 02:30:00+00:00, run_after=2026-03-03 02:30:00+00:00
[2026-03-03T00:18:21.869+0000] {processor.py:208} INFO - Processing /opt/airflow/dags/d226hw5-weatherETL.py took 0.078 seconds
[2026-03-03T00:18:52.125+0000] {processor.py:186} INFO - Started process (PID=18327) to work on /opt/airflow/dags/d226hw5-weatherETL.py
[2026-03-03T00:18:52.126+0000] {processor.py:914} INFO - Processing file /opt/airflow/dags/d226hw5-weatherETL.py for tasks to queue
[2026-03-03T00:18:52.128+0000] {logging_mixin.py:190} INFO - [2026-03-03T00:18:52.128+0000] {dagbag.py:587} INFO - Filling up the DagBag from /opt/airflow/dags/d226hw5-weatherETL.py
[2026-03-03T00:18:52.155+0000] {processor.py:925} INFO - DAG(s) 'd226hw5-weatherETL' retrieved from /opt/airflow/dags/d226hw5-weatherETL.py
[2026-03-03T00:18:52.163+0000] {logging_mixin.py:190} INFO - [2026-03-03T00:18:52.163+0000] {dag.py:3229} INFO - Sync 1 DAGs
[2026-03-03T00:18:52.174+0000] {logging_mixin.py:190} INFO - [2026-03-03T00:18:52.174+0000] {dag.py:4156} INFO - Setting next_dagrun for d226hw5-weatherETL to 2026-03-02 02:30:00+00:00, run_after=2026-03-03 02:30:00+00:00
[2026-03-03T00:18:52.181+0000] {processor.py:208} INFO - Processing /opt/airflow/dags/d226hw5-weatherETL.py took 0.063 seconds
[2026-03-03T00:19:22.456+0000] {processor.py:186} INFO - Started process (PID=18338) to work on /opt/airflow/dags/d226hw5-weatherETL.py
[2026-03-03T00:19:22.458+0000] {processor.py:914} INFO - Processing file /opt/airflow/dags/d226hw5-weatherETL.py for tasks to queue
[2026-03-03T00:19:22.461+0000] {logging_mixin.py:190} INFO - [2026-03-03T00:19:22.461+0000] {dagbag.py:587} INFO - Filling up the DagBag from /opt/airflow/dags/d226hw5-weatherETL.py
[2026-03-03T00:19:22.486+0000] {processor.py:925} INFO - DAG(s) 'd226hw5-weatherETL' retrieved from /opt/airflow/dags/d226hw5-weatherETL.py
[2026-03-03T00:19:22.501+0000] {logging_mixin.py:190} INFO - [2026-03-03T00:19:22.501+0000] {dag.py:3229} INFO - Sync 1 DAGs
[2026-03-03T00:19:22.512+0000] {logging_mixin.py:190} INFO - [2026-03-03T00:19:22.512+0000] {dag.py:4156} INFO - Setting next_dagrun for d226hw5-weatherETL to 2026-03-02 02:30:00+00:00, run_after=2026-03-03 02:30:00+00:00
[2026-03-03T00:19:22.519+0000] {processor.py:208} INFO - Processing /opt/airflow/dags/d226hw5-weatherETL.py took 0.070 seconds
[2026-03-03T00:19:52.792+0000] {processor.py:186} INFO - Started process (PID=18349) to work on /opt/airflow/dags/d226hw5-weatherETL.py
[2026-03-03T00:19:52.794+0000] {processor.py:914} INFO - Processing file /opt/airflow/dags/d226hw5-weatherETL.py for tasks to queue
[2026-03-03T00:19:52.796+0000] {logging_mixin.py:190} INFO - [2026-03-03T00:19:52.796+0000] {dagbag.py:587} INFO - Filling up the DagBag from /opt/airflow/dags/d226hw5-weatherETL.py
[2026-03-03T00:19:52.813+0000] {processor.py:925} INFO - DAG(s) 'd226hw5-weatherETL' retrieved from /opt/airflow/dags/d226hw5-weatherETL.py
[2026-03-03T00:19:52.821+0000] {logging_mixin.py:190} INFO - [2026-03-03T00:19:52.821+0000] {dag.py:3229} INFO - Sync 1 DAGs
[2026-03-03T00:19:52.830+0000] {logging_mixin.py:190} INFO - [2026-03-03T00:19:52.830+0000] {dag.py:4156} INFO - Setting next_dagrun for d226hw5-weatherETL to 2026-03-02 02:30:00+00:00, run_after=2026-03-03 02:30:00+00:00
[2026-03-03T00:19:52.836+0000] {processor.py:208} INFO - Processing /opt/airflow/dags/d226hw5-weatherETL.py took 0.060 seconds
[2026-03-03T00:20:23.141+0000] {processor.py:186} INFO - Started process (PID=18360) to work on /opt/airflow/dags/d226hw5-weatherETL.py
[2026-03-03T00:20:23.142+0000] {processor.py:914} INFO - Processing file /opt/airflow/dags/d226hw5-weatherETL.py for tasks to queue
[2026-03-03T00:20:23.147+0000] {logging_mixin.py:190} INFO - [2026-03-03T00:20:23.146+0000] {dagbag.py:587} INFO - Filling up the DagBag from /opt/airflow/dags/d226hw5-weatherETL.py
[2026-03-03T00:20:23.178+0000] {processor.py:925} INFO - DAG(s) 'd226hw5-weatherETL' retrieved from /opt/airflow/dags/d226hw5-weatherETL.py
[2026-03-03T00:20:23.191+0000] {logging_mixin.py:190} INFO - [2026-03-03T00:20:23.191+0000] {dag.py:3229} INFO - Sync 1 DAGs
[2026-03-03T00:20:23.204+0000] {logging_mixin.py:190} INFO - [2026-03-03T00:20:23.204+0000] {dag.py:4156} INFO - Setting next_dagrun for d226hw5-weatherETL to 2026-03-02 02:30:00+00:00, run_after=2026-03-03 02:30:00+00:00
[2026-03-03T00:20:23.218+0000] {processor.py:208} INFO - Processing /opt/airflow/dags/d226hw5-weatherETL.py took 0.087 seconds
[2026-03-03T00:20:53.499+0000] {processor.py:186} INFO - Started process (PID=18371) to work on /opt/airflow/dags/d226hw5-weatherETL.py
[2026-03-03T00:20:53.500+0000] {processor.py:914} INFO - Processing file /opt/airflow/dags/d226hw5-weatherETL.py for tasks to queue
[2026-03-03T00:20:53.503+0000] {logging_mixin.py:190} INFO - [2026-03-03T00:20:53.503+0000] {dagbag.py:587} INFO - Filling up the DagBag from /opt/airflow/dags/d226hw5-weatherETL.py
[2026-03-03T00:20:53.531+0000] {processor.py:925} INFO - DAG(s) 'd226hw5-weatherETL' retrieved from /opt/airflow/dags/d226hw5-weatherETL.py
[2026-03-03T00:20:53.549+0000] {logging_mixin.py:190} INFO - [2026-03-03T00:20:53.549+0000] {dag.py:3229} INFO - Sync 1 DAGs
[2026-03-03T00:20:53.564+0000] {logging_mixin.py:190} INFO - [2026-03-03T00:20:53.564+0000] {dag.py:4156} INFO - Setting next_dagrun for d226hw5-weatherETL to 2026-03-02 02:30:00+00:00, run_after=2026-03-03 02:30:00+00:00
[2026-03-03T00:20:53.574+0000] {processor.py:208} INFO - Processing /opt/airflow/dags/d226hw5-weatherETL.py took 0.082 seconds
[2026-03-03T00:21:23.867+0000] {processor.py:186} INFO - Started process (PID=18382) to work on /opt/airflow/dags/d226hw5-weatherETL.py
[2026-03-03T00:21:23.868+0000] {processor.py:914} INFO - Processing file /opt/airflow/dags/d226hw5-weatherETL.py for tasks to queue
[2026-03-03T00:21:23.869+0000] {logging_mixin.py:190} INFO - [2026-03-03T00:21:23.869+0000] {dagbag.py:587} INFO - Filling up the DagBag from /opt/airflow/dags/d226hw5-weatherETL.py
[2026-03-03T00:21:23.882+0000] {processor.py:925} INFO - DAG(s) 'd226hw5-weatherETL' retrieved from /opt/airflow/dags/d226hw5-weatherETL.py
[2026-03-03T00:21:23.890+0000] {logging_mixin.py:190} INFO - [2026-03-03T00:21:23.890+0000] {dag.py:3229} INFO - Sync 1 DAGs
[2026-03-03T00:21:23.901+0000] {logging_mixin.py:190} INFO - [2026-03-03T00:21:23.901+0000] {dag.py:4156} INFO - Setting next_dagrun for d226hw5-weatherETL to 2026-03-02 02:30:00+00:00, run_after=2026-03-03 02:30:00+00:00
[2026-03-03T00:21:23.908+0000] {processor.py:208} INFO - Processing /opt/airflow/dags/d226hw5-weatherETL.py took 0.044 seconds
[2026-03-03T00:21:54.192+0000] {processor.py:186} INFO - Started process (PID=18393) to work on /opt/airflow/dags/d226hw5-weatherETL.py
[2026-03-03T00:21:54.193+0000] {processor.py:914} INFO - Processing file /opt/airflow/dags/d226hw5-weatherETL.py for tasks to queue
[2026-03-03T00:21:54.197+0000] {logging_mixin.py:190} INFO - [2026-03-03T00:21:54.197+0000] {dagbag.py:587} INFO - Filling up the DagBag from /opt/airflow/dags/d226hw5-weatherETL.py
[2026-03-03T00:21:54.221+0000] {processor.py:925} INFO - DAG(s) 'd226hw5-weatherETL' retrieved from /opt/airflow/dags/d226hw5-weatherETL.py
[2026-03-03T00:21:54.235+0000] {logging_mixin.py:190} INFO - [2026-03-03T00:21:54.234+0000] {dag.py:3229} INFO - Sync 1 DAGs
[2026-03-03T00:21:54.245+0000] {logging_mixin.py:190} INFO - [2026-03-03T00:21:54.245+0000] {dag.py:4156} INFO - Setting next_dagrun for d226hw5-weatherETL to 2026-03-02 02:30:00+00:00, run_after=2026-03-03 02:30:00+00:00
[2026-03-03T00:21:54.252+0000] {processor.py:208} INFO - Processing /opt/airflow/dags/d226hw5-weatherETL.py took 0.067 seconds
[2026-03-03T00:22:24.536+0000] {processor.py:186} INFO - Started process (PID=18404) to work on /opt/airflow/dags/d226hw5-weatherETL.py
[2026-03-03T00:22:24.537+0000] {processor.py:914} INFO - Processing file /opt/airflow/dags/d226hw5-weatherETL.py for tasks to queue
[2026-03-03T00:22:24.540+0000] {logging_mixin.py:190} INFO - [2026-03-03T00:22:24.540+0000] {dagbag.py:587} INFO - Filling up the DagBag from /opt/airflow/dags/d226hw5-weatherETL.py
[2026-03-03T00:22:24.561+0000] {processor.py:925} INFO - DAG(s) 'd226hw5-weatherETL' retrieved from /opt/airflow/dags/d226hw5-weatherETL.py
[2026-03-03T00:22:24.571+0000] {logging_mixin.py:190} INFO - [2026-03-03T00:22:24.571+0000] {dag.py:3229} INFO - Sync 1 DAGs
[2026-03-03T00:22:24.583+0000] {logging_mixin.py:190} INFO - [2026-03-03T00:22:24.583+0000] {dag.py:4156} INFO - Setting next_dagrun for d226hw5-weatherETL to 2026-03-02 02:30:00+00:00, run_after=2026-03-03 02:30:00+00:00
[2026-03-03T00:22:24.589+0000] {processor.py:208} INFO - Processing /opt/airflow/dags/d226hw5-weatherETL.py took 0.064 seconds
[2026-03-03T00:22:54.888+0000] {processor.py:186} INFO - Started process (PID=18415) to work on /opt/airflow/dags/d226hw5-weatherETL.py
[2026-03-03T00:22:54.889+0000] {processor.py:914} INFO - Processing file /opt/airflow/dags/d226hw5-weatherETL.py for tasks to queue
[2026-03-03T00:22:54.893+0000] {logging_mixin.py:190} INFO - [2026-03-03T00:22:54.892+0000] {dagbag.py:587} INFO - Filling up the DagBag from /opt/airflow/dags/d226hw5-weatherETL.py
[2026-03-03T00:22:54.921+0000] {processor.py:925} INFO - DAG(s) 'd226hw5-weatherETL' retrieved from /opt/airflow/dags/d226hw5-weatherETL.py
[2026-03-03T00:22:54.936+0000] {logging_mixin.py:190} INFO - [2026-03-03T00:22:54.936+0000] {dag.py:3229} INFO - Sync 1 DAGs
[2026-03-03T00:22:54.949+0000] {logging_mixin.py:190} INFO - [2026-03-03T00:22:54.949+0000] {dag.py:4156} INFO - Setting next_dagrun for d226hw5-weatherETL to 2026-03-02 02:30:00+00:00, run_after=2026-03-03 02:30:00+00:00
[2026-03-03T00:22:54.963+0000] {processor.py:208} INFO - Processing /opt/airflow/dags/d226hw5-weatherETL.py took 0.085 seconds
[2026-03-03T00:23:25.293+0000] {processor.py:186} INFO - Started process (PID=18426) to work on /opt/airflow/dags/d226hw5-weatherETL.py
[2026-03-03T00:23:25.295+0000] {processor.py:914} INFO - Processing file /opt/airflow/dags/d226hw5-weatherETL.py for tasks to queue
[2026-03-03T00:23:25.298+0000] {logging_mixin.py:190} INFO - [2026-03-03T00:23:25.297+0000] {dagbag.py:587} INFO - Filling up the DagBag from /opt/airflow/dags/d226hw5-weatherETL.py
[2026-03-03T00:23:25.325+0000] {processor.py:925} INFO - DAG(s) 'd226hw5-weatherETL' retrieved from /opt/airflow/dags/d226hw5-weatherETL.py
[2026-03-03T00:23:25.337+0000] {logging_mixin.py:190} INFO - [2026-03-03T00:23:25.337+0000] {dag.py:3229} INFO - Sync 1 DAGs
[2026-03-03T00:23:25.349+0000] {logging_mixin.py:190} INFO - [2026-03-03T00:23:25.349+0000] {dag.py:4156} INFO - Setting next_dagrun for d226hw5-weatherETL to 2026-03-02 02:30:00+00:00, run_after=2026-03-03 02:30:00+00:00
[2026-03-03T00:23:25.355+0000] {processor.py:208} INFO - Processing /opt/airflow/dags/d226hw5-weatherETL.py took 0.086 seconds
[2026-03-03T00:23:55.623+0000] {processor.py:186} INFO - Started process (PID=18437) to work on /opt/airflow/dags/d226hw5-weatherETL.py
[2026-03-03T00:23:55.624+0000] {processor.py:914} INFO - Processing file /opt/airflow/dags/d226hw5-weatherETL.py for tasks to queue
[2026-03-03T00:23:55.627+0000] {logging_mixin.py:190} INFO - [2026-03-03T00:23:55.627+0000] {dagbag.py:587} INFO - Filling up the DagBag from /opt/airflow/dags/d226hw5-weatherETL.py
[2026-03-03T00:23:55.656+0000] {processor.py:925} INFO - DAG(s) 'd226hw5-weatherETL' retrieved from /opt/airflow/dags/d226hw5-weatherETL.py
[2026-03-03T00:23:55.673+0000] {logging_mixin.py:190} INFO - [2026-03-03T00:23:55.672+0000] {dag.py:3229} INFO - Sync 1 DAGs
[2026-03-03T00:23:55.685+0000] {logging_mixin.py:190} INFO - [2026-03-03T00:23:55.685+0000] {dag.py:4156} INFO - Setting next_dagrun for d226hw5-weatherETL to 2026-03-02 02:30:00+00:00, run_after=2026-03-03 02:30:00+00:00
[2026-03-03T00:23:55.696+0000] {processor.py:208} INFO - Processing /opt/airflow/dags/d226hw5-weatherETL.py took 0.082 seconds
[2026-03-03T00:24:25.934+0000] {processor.py:186} INFO - Started process (PID=18448) to work on /opt/airflow/dags/d226hw5-weatherETL.py
[2026-03-03T00:24:25.936+0000] {processor.py:914} INFO - Processing file /opt/airflow/dags/d226hw5-weatherETL.py for tasks to queue
[2026-03-03T00:24:25.940+0000] {logging_mixin.py:190} INFO - [2026-03-03T00:24:25.939+0000] {dagbag.py:587} INFO - Filling up the DagBag from /opt/airflow/dags/d226hw5-weatherETL.py
[2026-03-03T00:24:25.961+0000] {processor.py:925} INFO - DAG(s) 'd226hw5-weatherETL' retrieved from /opt/airflow/dags/d226hw5-weatherETL.py
[2026-03-03T00:24:25.972+0000] {logging_mixin.py:190} INFO - [2026-03-03T00:24:25.972+0000] {dag.py:3229} INFO - Sync 1 DAGs
[2026-03-03T00:24:25.984+0000] {logging_mixin.py:190} INFO - [2026-03-03T00:24:25.983+0000] {dag.py:4156} INFO - Setting next_dagrun for d226hw5-weatherETL to 2026-03-02 02:30:00+00:00, run_after=2026-03-03 02:30:00+00:00
[2026-03-03T00:24:25.990+0000] {processor.py:208} INFO - Processing /opt/airflow/dags/d226hw5-weatherETL.py took 0.063 seconds
[2026-03-03T00:24:56.288+0000] {processor.py:186} INFO - Started process (PID=18459) to work on /opt/airflow/dags/d226hw5-weatherETL.py
[2026-03-03T00:24:56.290+0000] {processor.py:914} INFO - Processing file /opt/airflow/dags/d226hw5-weatherETL.py for tasks to queue
[2026-03-03T00:24:56.293+0000] {logging_mixin.py:190} INFO - [2026-03-03T00:24:56.293+0000] {dagbag.py:587} INFO - Filling up the DagBag from /opt/airflow/dags/d226hw5-weatherETL.py
[2026-03-03T00:24:56.323+0000] {processor.py:925} INFO - DAG(s) 'd226hw5-weatherETL' retrieved from /opt/airflow/dags/d226hw5-weatherETL.py
[2026-03-03T00:24:56.334+0000] {logging_mixin.py:190} INFO - [2026-03-03T00:24:56.334+0000] {dag.py:3229} INFO - Sync 1 DAGs
[2026-03-03T00:24:56.350+0000] {logging_mixin.py:190} INFO - [2026-03-03T00:24:56.349+0000] {dag.py:4156} INFO - Setting next_dagrun for d226hw5-weatherETL to 2026-03-02 02:30:00+00:00, run_after=2026-03-03 02:30:00+00:00
[2026-03-03T00:24:56.357+0000] {processor.py:208} INFO - Processing /opt/airflow/dags/d226hw5-weatherETL.py took 0.080 seconds
[2026-03-03T00:25:26.604+0000] {processor.py:186} INFO - Started process (PID=18470) to work on /opt/airflow/dags/d226hw5-weatherETL.py
[2026-03-03T00:25:26.605+0000] {processor.py:914} INFO - Processing file /opt/airflow/dags/d226hw5-weatherETL.py for tasks to queue
[2026-03-03T00:25:26.608+0000] {logging_mixin.py:190} INFO - [2026-03-03T00:25:26.607+0000] {dagbag.py:587} INFO - Filling up the DagBag from /opt/airflow/dags/d226hw5-weatherETL.py
[2026-03-03T00:25:26.633+0000] {processor.py:925} INFO - DAG(s) 'd226hw5-weatherETL' retrieved from /opt/airflow/dags/d226hw5-weatherETL.py
[2026-03-03T00:25:26.645+0000] {logging_mixin.py:190} INFO - [2026-03-03T00:25:26.644+0000] {dag.py:3229} INFO - Sync 1 DAGs
[2026-03-03T00:25:26.662+0000] {logging_mixin.py:190} INFO - [2026-03-03T00:25:26.662+0000] {dag.py:4156} INFO - Setting next_dagrun for d226hw5-weatherETL to 2026-03-02 02:30:00+00:00, run_after=2026-03-03 02:30:00+00:00
[2026-03-03T00:25:26.671+0000] {processor.py:208} INFO - Processing /opt/airflow/dags/d226hw5-weatherETL.py took 0.073 seconds
[2026-03-03T00:25:56.966+0000] {processor.py:186} INFO - Started process (PID=18481) to work on /opt/airflow/dags/d226hw5-weatherETL.py
[2026-03-03T00:25:56.973+0000] {processor.py:914} INFO - Processing file /opt/airflow/dags/d226hw5-weatherETL.py for tasks to queue
[2026-03-03T00:25:56.976+0000] {logging_mixin.py:190} INFO - [2026-03-03T00:25:56.976+0000] {dagbag.py:587} INFO - Filling up the DagBag from /opt/airflow/dags/d226hw5-weatherETL.py
[2026-03-03T00:25:56.996+0000] {processor.py:925} INFO - DAG(s) 'd226hw5-weatherETL' retrieved from /opt/airflow/dags/d226hw5-weatherETL.py
[2026-03-03T00:25:57.004+0000] {logging_mixin.py:190} INFO - [2026-03-03T00:25:57.004+0000] {dag.py:3229} INFO - Sync 1 DAGs
[2026-03-03T00:25:57.014+0000] {logging_mixin.py:190} INFO - [2026-03-03T00:25:57.014+0000] {dag.py:4156} INFO - Setting next_dagrun for d226hw5-weatherETL to 2026-03-02 02:30:00+00:00, run_after=2026-03-03 02:30:00+00:00
[2026-03-03T00:25:57.020+0000] {processor.py:208} INFO - Processing /opt/airflow/dags/d226hw5-weatherETL.py took 0.062 seconds
[2026-03-03T00:26:27.309+0000] {processor.py:186} INFO - Started process (PID=18492) to work on /opt/airflow/dags/d226hw5-weatherETL.py
[2026-03-03T00:26:27.310+0000] {processor.py:914} INFO - Processing file /opt/airflow/dags/d226hw5-weatherETL.py for tasks to queue
[2026-03-03T00:26:27.315+0000] {logging_mixin.py:190} INFO - [2026-03-03T00:26:27.315+0000] {dagbag.py:587} INFO - Filling up the DagBag from /opt/airflow/dags/d226hw5-weatherETL.py
[2026-03-03T00:26:27.350+0000] {processor.py:925} INFO - DAG(s) 'd226hw5-weatherETL' retrieved from /opt/airflow/dags/d226hw5-weatherETL.py
[2026-03-03T00:26:27.361+0000] {logging_mixin.py:190} INFO - [2026-03-03T00:26:27.361+0000] {dag.py:3229} INFO - Sync 1 DAGs
[2026-03-03T00:26:27.373+0000] {logging_mixin.py:190} INFO - [2026-03-03T00:26:27.373+0000] {dag.py:4156} INFO - Setting next_dagrun for d226hw5-weatherETL to 2026-03-02 02:30:00+00:00, run_after=2026-03-03 02:30:00+00:00
[2026-03-03T00:26:27.382+0000] {processor.py:208} INFO - Processing /opt/airflow/dags/d226hw5-weatherETL.py took 0.080 seconds
[2026-03-03T00:26:57.687+0000] {processor.py:186} INFO - Started process (PID=18503) to work on /opt/airflow/dags/d226hw5-weatherETL.py
[2026-03-03T00:26:57.687+0000] {processor.py:914} INFO - Processing file /opt/airflow/dags/d226hw5-weatherETL.py for tasks to queue
[2026-03-03T00:26:57.690+0000] {logging_mixin.py:190} INFO - [2026-03-03T00:26:57.690+0000] {dagbag.py:587} INFO - Filling up the DagBag from /opt/airflow/dags/d226hw5-weatherETL.py
[2026-03-03T00:26:57.715+0000] {processor.py:925} INFO - DAG(s) 'd226hw5-weatherETL' retrieved from /opt/airflow/dags/d226hw5-weatherETL.py
[2026-03-03T00:26:57.729+0000] {logging_mixin.py:190} INFO - [2026-03-03T00:26:57.729+0000] {dag.py:3229} INFO - Sync 1 DAGs
[2026-03-03T00:26:57.740+0000] {logging_mixin.py:190} INFO - [2026-03-03T00:26:57.740+0000] {dag.py:4156} INFO - Setting next_dagrun for d226hw5-weatherETL to 2026-03-02 02:30:00+00:00, run_after=2026-03-03 02:30:00+00:00
[2026-03-03T00:26:57.747+0000] {processor.py:208} INFO - Processing /opt/airflow/dags/d226hw5-weatherETL.py took 0.065 seconds
[2026-03-03T00:27:28.057+0000] {processor.py:186} INFO - Started process (PID=18514) to work on /opt/airflow/dags/d226hw5-weatherETL.py
[2026-03-03T00:27:28.059+0000] {processor.py:914} INFO - Processing file /opt/airflow/dags/d226hw5-weatherETL.py for tasks to queue
[2026-03-03T00:27:28.061+0000] {logging_mixin.py:190} INFO - [2026-03-03T00:27:28.061+0000] {dagbag.py:587} INFO - Filling up the DagBag from /opt/airflow/dags/d226hw5-weatherETL.py
[2026-03-03T00:27:28.087+0000] {processor.py:925} INFO - DAG(s) 'd226hw5-weatherETL' retrieved from /opt/airflow/dags/d226hw5-weatherETL.py
[2026-03-03T00:27:28.098+0000] {logging_mixin.py:190} INFO - [2026-03-03T00:27:28.098+0000] {dag.py:3229} INFO - Sync 1 DAGs
[2026-03-03T00:27:28.110+0000] {logging_mixin.py:190} INFO - [2026-03-03T00:27:28.110+0000] {dag.py:4156} INFO - Setting next_dagrun for d226hw5-weatherETL to 2026-03-02 02:30:00+00:00, run_after=2026-03-03 02:30:00+00:00
[2026-03-03T00:27:28.117+0000] {processor.py:208} INFO - Processing /opt/airflow/dags/d226hw5-weatherETL.py took 0.066 seconds
[2026-03-03T00:27:58.394+0000] {processor.py:186} INFO - Started process (PID=18525) to work on /opt/airflow/dags/d226hw5-weatherETL.py
[2026-03-03T00:27:58.396+0000] {processor.py:914} INFO - Processing file /opt/airflow/dags/d226hw5-weatherETL.py for tasks to queue
[2026-03-03T00:27:58.398+0000] {logging_mixin.py:190} INFO - [2026-03-03T00:27:58.398+0000] {dagbag.py:587} INFO - Filling up the DagBag from /opt/airflow/dags/d226hw5-weatherETL.py
[2026-03-03T00:27:58.430+0000] {processor.py:925} INFO - DAG(s) 'd226hw5-weatherETL' retrieved from /opt/airflow/dags/d226hw5-weatherETL.py
[2026-03-03T00:27:58.438+0000] {logging_mixin.py:190} INFO - [2026-03-03T00:27:58.438+0000] {dag.py:3229} INFO - Sync 1 DAGs
[2026-03-03T00:27:58.449+0000] {logging_mixin.py:190} INFO - [2026-03-03T00:27:58.449+0000] {dag.py:4156} INFO - Setting next_dagrun for d226hw5-weatherETL to 2026-03-02 02:30:00+00:00, run_after=2026-03-03 02:30:00+00:00
[2026-03-03T00:27:58.455+0000] {processor.py:208} INFO - Processing /opt/airflow/dags/d226hw5-weatherETL.py took 0.068 seconds
[2026-03-03T00:28:28.740+0000] {processor.py:186} INFO - Started process (PID=18536) to work on /opt/airflow/dags/d226hw5-weatherETL.py
[2026-03-03T00:28:28.741+0000] {processor.py:914} INFO - Processing file /opt/airflow/dags/d226hw5-weatherETL.py for tasks to queue
[2026-03-03T00:28:28.745+0000] {logging_mixin.py:190} INFO - [2026-03-03T00:28:28.745+0000] {dagbag.py:587} INFO - Filling up the DagBag from /opt/airflow/dags/d226hw5-weatherETL.py
[2026-03-03T00:28:28.775+0000] {processor.py:925} INFO - DAG(s) 'd226hw5-weatherETL' retrieved from /opt/airflow/dags/d226hw5-weatherETL.py
[2026-03-03T00:28:28.795+0000] {logging_mixin.py:190} INFO - [2026-03-03T00:28:28.795+0000] {dag.py:3229} INFO - Sync 1 DAGs
[2026-03-03T00:28:28.807+0000] {logging_mixin.py:190} INFO - [2026-03-03T00:28:28.807+0000] {dag.py:4156} INFO - Setting next_dagrun for d226hw5-weatherETL to 2026-03-02 02:30:00+00:00, run_after=2026-03-03 02:30:00+00:00
[2026-03-03T00:28:28.813+0000] {processor.py:208} INFO - Processing /opt/airflow/dags/d226hw5-weatherETL.py took 0.085 seconds
[2026-03-03T00:28:59.072+0000] {processor.py:186} INFO - Started process (PID=18547) to work on /opt/airflow/dags/d226hw5-weatherETL.py
[2026-03-03T00:28:59.075+0000] {processor.py:914} INFO - Processing file /opt/airflow/dags/d226hw5-weatherETL.py for tasks to queue
[2026-03-03T00:28:59.080+0000] {logging_mixin.py:190} INFO - [2026-03-03T00:28:59.079+0000] {dagbag.py:587} INFO - Filling up the DagBag from /opt/airflow/dags/d226hw5-weatherETL.py
[2026-03-03T00:28:59.104+0000] {processor.py:925} INFO - DAG(s) 'd226hw5-weatherETL' retrieved from /opt/airflow/dags/d226hw5-weatherETL.py
[2026-03-03T00:28:59.120+0000] {logging_mixin.py:190} INFO - [2026-03-03T00:28:59.119+0000] {dag.py:3229} INFO - Sync 1 DAGs
[2026-03-03T00:28:59.132+0000] {logging_mixin.py:190} INFO - [2026-03-03T00:28:59.132+0000] {dag.py:4156} INFO - Setting next_dagrun for d226hw5-weatherETL to 2026-03-02 02:30:00+00:00, run_after=2026-03-03 02:30:00+00:00
[2026-03-03T00:28:59.140+0000] {processor.py:208} INFO - Processing /opt/airflow/dags/d226hw5-weatherETL.py took 0.082 seconds
[2026-03-03T00:29:29.432+0000] {processor.py:186} INFO - Started process (PID=18558) to work on /opt/airflow/dags/d226hw5-weatherETL.py
[2026-03-03T00:29:29.433+0000] {processor.py:914} INFO - Processing file /opt/airflow/dags/d226hw5-weatherETL.py for tasks to queue
[2026-03-03T00:29:29.434+0000] {logging_mixin.py:190} INFO - [2026-03-03T00:29:29.434+0000] {dagbag.py:587} INFO - Filling up the DagBag from /opt/airflow/dags/d226hw5-weatherETL.py
[2026-03-03T00:29:29.450+0000] {processor.py:925} INFO - DAG(s) 'd226hw5-weatherETL' retrieved from /opt/airflow/dags/d226hw5-weatherETL.py
[2026-03-03T00:29:29.458+0000] {logging_mixin.py:190} INFO - [2026-03-03T00:29:29.458+0000] {dag.py:3229} INFO - Sync 1 DAGs
[2026-03-03T00:29:29.468+0000] {logging_mixin.py:190} INFO - [2026-03-03T00:29:29.468+0000] {dag.py:4156} INFO - Setting next_dagrun for d226hw5-weatherETL to 2026-03-02 02:30:00+00:00, run_after=2026-03-03 02:30:00+00:00
[2026-03-03T00:29:29.475+0000] {processor.py:208} INFO - Processing /opt/airflow/dags/d226hw5-weatherETL.py took 0.046 seconds
[2026-03-03T00:29:59.819+0000] {processor.py:186} INFO - Started process (PID=18569) to work on /opt/airflow/dags/d226hw5-weatherETL.py
[2026-03-03T00:29:59.821+0000] {processor.py:914} INFO - Processing file /opt/airflow/dags/d226hw5-weatherETL.py for tasks to queue
[2026-03-03T00:29:59.824+0000] {logging_mixin.py:190} INFO - [2026-03-03T00:29:59.823+0000] {dagbag.py:587} INFO - Filling up the DagBag from /opt/airflow/dags/d226hw5-weatherETL.py
[2026-03-03T00:29:59.845+0000] {processor.py:925} INFO - DAG(s) 'd226hw5-weatherETL' retrieved from /opt/airflow/dags/d226hw5-weatherETL.py
[2026-03-03T00:29:59.860+0000] {logging_mixin.py:190} INFO - [2026-03-03T00:29:59.860+0000] {dag.py:3229} INFO - Sync 1 DAGs
[2026-03-03T00:29:59.873+0000] {logging_mixin.py:190} INFO - [2026-03-03T00:29:59.872+0000] {dag.py:4156} INFO - Setting next_dagrun for d226hw5-weatherETL to 2026-03-02 02:30:00+00:00, run_after=2026-03-03 02:30:00+00:00
[2026-03-03T00:29:59.880+0000] {processor.py:208} INFO - Processing /opt/airflow/dags/d226hw5-weatherETL.py took 0.078 seconds
[2026-03-03T00:30:30.199+0000] {processor.py:186} INFO - Started process (PID=18580) to work on /opt/airflow/dags/d226hw5-weatherETL.py
[2026-03-03T00:30:30.201+0000] {processor.py:914} INFO - Processing file /opt/airflow/dags/d226hw5-weatherETL.py for tasks to queue
[2026-03-03T00:30:30.206+0000] {logging_mixin.py:190} INFO - [2026-03-03T00:30:30.206+0000] {dagbag.py:587} INFO - Filling up the DagBag from /opt/airflow/dags/d226hw5-weatherETL.py
[2026-03-03T00:30:30.240+0000] {processor.py:925} INFO - DAG(s) 'd226hw5-weatherETL' retrieved from /opt/airflow/dags/d226hw5-weatherETL.py
[2026-03-03T00:30:30.254+0000] {logging_mixin.py:190} INFO - [2026-03-03T00:30:30.253+0000] {dag.py:3229} INFO - Sync 1 DAGs
[2026-03-03T00:30:30.273+0000] {logging_mixin.py:190} INFO - [2026-03-03T00:30:30.273+0000] {dag.py:4156} INFO - Setting next_dagrun for d226hw5-weatherETL to 2026-03-02 02:30:00+00:00, run_after=2026-03-03 02:30:00+00:00
[2026-03-03T00:30:30.281+0000] {processor.py:208} INFO - Processing /opt/airflow/dags/d226hw5-weatherETL.py took 0.097 seconds
[2026-03-03T00:31:00.520+0000] {processor.py:186} INFO - Started process (PID=18591) to work on /opt/airflow/dags/d226hw5-weatherETL.py
[2026-03-03T00:31:00.522+0000] {processor.py:914} INFO - Processing file /opt/airflow/dags/d226hw5-weatherETL.py for tasks to queue
[2026-03-03T00:31:00.526+0000] {logging_mixin.py:190} INFO - [2026-03-03T00:31:00.525+0000] {dagbag.py:587} INFO - Filling up the DagBag from /opt/airflow/dags/d226hw5-weatherETL.py
[2026-03-03T00:31:00.560+0000] {processor.py:925} INFO - DAG(s) 'd226hw5-weatherETL' retrieved from /opt/airflow/dags/d226hw5-weatherETL.py
[2026-03-03T00:31:00.579+0000] {logging_mixin.py:190} INFO - [2026-03-03T00:31:00.578+0000] {dag.py:3229} INFO - Sync 1 DAGs
[2026-03-03T00:31:00.594+0000] {logging_mixin.py:190} INFO - [2026-03-03T00:31:00.594+0000] {dag.py:4156} INFO - Setting next_dagrun for d226hw5-weatherETL to 2026-03-02 02:30:00+00:00, run_after=2026-03-03 02:30:00+00:00
[2026-03-03T00:31:00.602+0000] {processor.py:208} INFO - Processing /opt/airflow/dags/d226hw5-weatherETL.py took 0.092 seconds
[2026-03-03T00:31:30.922+0000] {processor.py:186} INFO - Started process (PID=18602) to work on /opt/airflow/dags/d226hw5-weatherETL.py
[2026-03-03T00:31:30.924+0000] {processor.py:914} INFO - Processing file /opt/airflow/dags/d226hw5-weatherETL.py for tasks to queue
[2026-03-03T00:31:30.927+0000] {logging_mixin.py:190} INFO - [2026-03-03T00:31:30.927+0000] {dagbag.py:587} INFO - Filling up the DagBag from /opt/airflow/dags/d226hw5-weatherETL.py
[2026-03-03T00:31:30.952+0000] {processor.py:925} INFO - DAG(s) 'd226hw5-weatherETL' retrieved from /opt/airflow/dags/d226hw5-weatherETL.py
[2026-03-03T00:31:30.964+0000] {logging_mixin.py:190} INFO - [2026-03-03T00:31:30.964+0000] {dag.py:3229} INFO - Sync 1 DAGs
[2026-03-03T00:31:30.976+0000] {logging_mixin.py:190} INFO - [2026-03-03T00:31:30.976+0000] {dag.py:4156} INFO - Setting next_dagrun for d226hw5-weatherETL to 2026-03-02 02:30:00+00:00, run_after=2026-03-03 02:30:00+00:00
[2026-03-03T00:31:30.983+0000] {processor.py:208} INFO - Processing /opt/airflow/dags/d226hw5-weatherETL.py took 0.067 seconds
