[2026-03-02T23:03:08.885+0000] {local_task_job_runner.py:123} INFO - ::group::Pre task execution logs
[2026-03-02T23:03:08.892+0000] {taskinstance.py:2612} INFO - Dependencies all met for dep_context=non-requeueable deps ti=<TaskInstance: d226hw5-weatherETL.load manual__2026-03-02T23:03:04.579645+00:00 [queued]>
[2026-03-02T23:03:08.894+0000] {taskinstance.py:2612} INFO - Dependencies all met for dep_context=requeueable deps ti=<TaskInstance: d226hw5-weatherETL.load manual__2026-03-02T23:03:04.579645+00:00 [queued]>
[2026-03-02T23:03:08.895+0000] {taskinstance.py:2865} INFO - Starting attempt 1 of 1
[2026-03-02T23:03:08.898+0000] {taskinstance.py:2888} INFO - Executing <Task(_PythonDecoratedOperator): load> on 2026-03-02 23:03:04.579645+00:00
[2026-03-02T23:03:08.901+0000] {logging_mixin.py:190} WARNING - /home/***/.local/lib/python3.12/site-packages/***/task/task_runner/standard_task_runner.py:70 DeprecationWarning: This process (pid=17486) is multi-threaded, use of fork() may lead to deadlocks in the child.
[2026-03-02T23:03:08.901+0000] {standard_task_runner.py:72} INFO - Started process 17489 to run task
[2026-03-02T23:03:08.902+0000] {standard_task_runner.py:104} INFO - Running: ['***', 'tasks', 'run', 'd226hw5-weatherETL', 'load', 'manual__2026-03-02T23:03:04.579645+00:00', '--job-id', '4', '--raw', '--subdir', 'DAGS_FOLDER/d226hw5-weatherETL.py', '--cfg-path', '/tmp/tmpjjrbmjw5']
[2026-03-02T23:03:08.903+0000] {standard_task_runner.py:105} INFO - Job 4: Subtask load
[2026-03-02T23:03:08.921+0000] {task_command.py:467} INFO - Running <TaskInstance: d226hw5-weatherETL.load manual__2026-03-02T23:03:04.579645+00:00 [running]> on host de0f2beb17f6
[2026-03-02T23:03:08.955+0000] {taskinstance.py:3131} INFO - Exporting env vars: AIRFLOW_CTX_DAG_OWNER='***' AIRFLOW_CTX_DAG_ID='d226hw5-weatherETL' AIRFLOW_CTX_TASK_ID='load' AIRFLOW_CTX_EXECUTION_DATE='2026-03-02T23:03:04.579645+00:00' AIRFLOW_CTX_TRY_NUMBER='1' AIRFLOW_CTX_DAG_RUN_ID='manual__2026-03-02T23:03:04.579645+00:00'
[2026-03-02T23:03:08.956+0000] {taskinstance.py:731} INFO - ::endgroup::
[2026-03-02T23:03:08.961+0000] {base.py:84} INFO - Retrieving connection 'snowflake_226'
[2026-03-02T23:03:08.962+0000] {connection.py:413} INFO - Snowflake Connector for Python Version: 3.12.1, Python Version: 3.12.5, Platform: Linux-6.12.69-linuxkit-aarch64-with-glibc2.36
[2026-03-02T23:03:08.962+0000] {connection.py:1196} INFO - Connecting to GLOBAL Snowflake domain
[2026-03-02T23:03:08.962+0000] {connection.py:1277} INFO - This connection is in OCSP Fail Open Mode. TLS Certificates would be checked for validity and revocation status. Any other Certificate Revocation related exceptions or OCSP Responder failures would be disregarded in favor of connectivity.
[2026-03-02T23:03:11.139+0000] {cursor.py:1156} INFO - Number of results in first chunk: 1
[2026-03-02T23:03:11.876+0000] {cursor.py:1156} INFO - Number of results in first chunk: 1
[2026-03-02T23:03:53.974+0000] {cursor.py:1156} INFO - Number of results in first chunk: 1
[2026-03-02T23:03:53.979+0000] {python.py:240} INFO - Done. Returned value was: 60
[2026-03-02T23:03:54.010+0000] {taskinstance.py:340} INFO - ::group::Post task execution logs
[2026-03-02T23:03:54.011+0000] {taskinstance.py:352} INFO - Marking task as SUCCESS. dag_id=d226hw5-weatherETL, task_id=load, run_id=manual__2026-03-02T23:03:04.579645+00:00, execution_date=20260302T230304, start_date=20260302T230308, end_date=20260302T230354
[2026-03-02T23:03:54.052+0000] {local_task_job_runner.py:266} INFO - Task exited with return code 0
[2026-03-02T23:03:54.061+0000] {taskinstance.py:3900} INFO - 0 downstream tasks scheduled from follow-on schedule check
[2026-03-02T23:03:54.062+0000] {local_task_job_runner.py:245} INFO - ::endgroup::
